<?xml version="1.0" encoding="UTF-8"?>
<!-- Generated by org.testng.reporters.JUnitReportReporter -->
<testsuite hostname="DESKTOP-NL2FGR3" failures="0" tests="1" name="testNGdemo.Verifyerrormessage" time="9.668" errors="0" timestamp="2022-10-20T14:35:24 IST" skipped="0">
  <testcase classname="testNGdemo.Verifyerrormessage" name="Verifyerrormessage1" time="9.668"/>
  <system-out/>
</testsuite> <!-- testNGdemo.Verifyerrormessage -->
