<?xml version="1.0" encoding="UTF-8"?>
<!-- Generated by org.testng.reporters.JUnitReportReporter -->
<testsuite hostname="DESKTOP-NL2FGR3" failures="0" tests="4" name="testNGdemo.testng_demo2" time="49.643" errors="0" timestamp="2022-10-19T19:05:31 IST" skipped="0">
  <testcase classname="testNGdemo.testng_demo2" name="startApp" time="17.290"/>
  <system-out/>
  <testcase classname="testNGdemo.testng_demo2" name="login" time="13.905"/>
  <system-out/>
  <testcase classname="testNGdemo.testng_demo2" name="logout" time="17.926"/>
  <system-out/>
  <testcase classname="testNGdemo.testng_demo2" name="close" time="0.522"/>
  <system-out/>
</testsuite> <!-- testNGdemo.testng_demo2 -->
