<?xml version="1.0" encoding="UTF-8"?>
<!-- Generated by org.testng.reporters.JUnitReportReporter -->
<testsuite hostname="DESKTOP-NL2FGR3" failures="0" tests="2" name="testNGdemo.DrogandDropdemo" time="15.646" errors="0" timestamp="2022-10-20T17:38:38 IST" skipped="0">
  <testcase classname="testNGdemo.DrogandDropdemo" name="debitdragndrop" time="14.853"/>
  <system-out/>
  <testcase classname="testNGdemo.DrogandDropdemo" name="creaditdragndrop" time="0.793"/>
  <system-out/>
</testsuite> <!-- testNGdemo.DrogandDropdemo -->
