<?xml version="1.0" encoding="UTF-8"?>
<!-- Generated by org.testng.reporters.JUnitReportReporter -->
<testsuite hostname="DESKTOP-NL2FGR3" failures="0" tests="2" name="crossBrowser.Verifytitle" time="29.615" errors="0" timestamp="2022-10-25T12:20:12 IST" skipped="0">
  <testcase classname="crossBrowser.Verifytitle" name="verifypagetitle" time="21.586"/>
  <system-out/>
  <testcase classname="crossBrowser.Verifytitle" name="verifypagetitle" time="8.029"/>
  <system-out/>
</testsuite> <!-- crossBrowser.Verifytitle -->
