<?xml version="1.0" encoding="UTF-8"?>
<!-- Generated by org.testng.reporters.JUnitReportReporter -->
<testsuite hostname="DESKTOP-NL2FGR3" failures="0" tests="3" name="testNGdemo.FirsttestNG" time="0.034" errors="0" timestamp="2022-10-18T18:07:05 IST" skipped="0">
  <testcase classname="testNGdemo.FirsttestNG" name="loginApplication" time="0.023"/>
  <system-out/>
  <testcase classname="testNGdemo.FirsttestNG" name="selectitems" time="0.007"/>
  <system-out/>
  <testcase classname="testNGdemo.FirsttestNG" name="checkout" time="0.004"/>
  <system-out/>
</testsuite> <!-- testNGdemo.FirsttestNG -->
